<?xml version="1.0" encoding="utf-8" standalone="no"?>
<!--This file represents the results of running a test suite-->
<test-results name="C:\Users\yuhei\Desktop\Minamoni\Test\MinamoniTest.nunit" total="5" errors="0" failures="0" not-run="0" inconclusive="0" ignored="0" skipped="0" invalid="0" date="2014-07-05" time="21:43:00">
  <environment nunit-version="2.6.3.13283" clr-version="2.0.50727.5477" os-version="Microsoft Windows NT 6.1.7601 Service Pack 1" platform="Win32NT" cwd="C:\Program Files (x86)\NUnit 2.6.3\bin" machine-name="YUHEI-THINK" user="yuhei" user-domain="yuhei-THINK" />
  <culture-info current-culture="ja-JP" current-uiculture="ja-JP" />
  <test-suite type="Project" name="C:\Users\yuhei\Desktop\Minamoni\Test\MinamoniTest.nunit" executed="True" result="Success" success="True" time="0.096" asserts="0">
    <results>
      <test-suite type="Assembly" name="C:\Users\yuhei\Desktop\Minamoni\Test\bin\Debug\Test.dll" executed="True" result="Success" success="True" time="0.077" asserts="0">
        <results>
          <test-suite type="Namespace" name="InamoniTest" executed="True" result="Success" success="True" time="0.077" asserts="0">
            <results>
              <test-suite type="Namespace" name="Target" executed="True" result="Success" success="True" time="0.077" asserts="0">
                <results>
                  <test-suite type="TestFixture" name="TestNxt" executed="True" result="Success" success="True" time="0.074" asserts="0">
                    <results>
                      <test-case name="InamoniTest.Target.TestNxt.コンストラクタ" executed="True" result="Success" success="True" time="0.035" asserts="2" />
                      <test-case name="InamoniTest.Target.TestNxt.初期化後に切断する" executed="True" result="Success" success="True" time="0.001" asserts="1" />
                      <test-case name="InamoniTest.Target.TestNxt.接続する" executed="True" result="Success" success="True" time="0.002" asserts="2" />
                      <test-case name="InamoniTest.Target.TestNxt.接続後に接続する" executed="True" result="Success" success="True" time="0.001" asserts="2" />
                      <test-case name="InamoniTest.Target.TestNxt.接続中に切断する" executed="True" result="Success" success="True" time="0.001" asserts="1" />
                    </results>
                  </test-suite>
                </results>
              </test-suite>
            </results>
          </test-suite>
        </results>
      </test-suite>
    </results>
  </test-suite>
</test-results>